<?xml version="1.0" encoding="UTF-8"?>
<!-- Generated by org.testng.reporters.JUnitXMLReporter -->
<testsuite hostname="DESKTOP-FVFDV2E" failures="1" tests="2" name="Error Validation Test" time="73.598" errors="0" timestamp="28 Jul 2023 05:14:27 GMT">
  <testcase classname="DhruvAcedemy.SeleniumFrameworkDesign.ErrorValidationTest" name="logintErrorValidation" time="0.683"/>
  <testcase classname="DhruvAcedemy.SeleniumFrameworkDesign.ErrorValidationTest" name="productErrorValidation" time="13.692">
    <failure type="java.lang.AssertionError" message="expected [true] but found [false]">
      <![CDATA[java.lang.AssertionError: expected [true] but found [false]
	at DhruvAcedemy.SeleniumFrameworkDesign.ErrorValidationTest.productErrorValidation(ErrorValidationTest.java:40)
	at java.base/java.util.concurrent.FutureTask.run(FutureTask.java:264)
	at java.base/java.util.concurrent.ThreadPoolExecutor.runWorker(ThreadPoolExecutor.java:1136)
	at java.base/java.util.concurrent.ThreadPoolExecutor$Worker.run(ThreadPoolExecutor.java:635)
	at java.base/java.lang.Thread.run(Thread.java:833)
... Removed 20 stack frames]]>
    </failure>
  </testcase> <!-- productErrorValidation -->
</testsuite> <!-- Error Validation Test -->
