<?xml version="1.0" encoding="UTF-8"?>
<testng-results total="5" passed="4" failed="1" skipped="0">
  <reporter-output>
  </reporter-output>
  <suite started-at="2023-07-28T05:13:14Z" name="Suite" finished-at="2023-07-28T05:14:38Z" duration-ms="84136">
    <groups>
    </groups>
    <test started-at="2023-07-28T05:13:14Z" name="Error Validation Test" finished-at="2023-07-28T05:14:27Z" duration-ms="73598">
      <class name="DhruvAcedemy.SeleniumFrameworkDesign.ErrorValidationTest">
        <test-method is-config="true" signature="launchApplication()[pri:0, instance:DhruvAcedemy.SeleniumFrameworkDesign.ErrorValidationTest@878452d]" started-at="2023-07-28T10:43:14Z" name="launchApplication" finished-at="2023-07-28T10:44:07Z" duration-ms="53288" status="PASS">
          <reporter-output>
          </reporter-output>
        </test-method> <!-- launchApplication -->
        <test-method signature="logintErrorValidation()[pri:0, instance:DhruvAcedemy.SeleniumFrameworkDesign.ErrorValidationTest@878452d]" started-at="2023-07-28T10:44:07Z" name="logintErrorValidation" finished-at="2023-07-28T10:44:08Z" duration-ms="683" status="PASS">
          <reporter-output>
          </reporter-output>
        </test-method> <!-- logintErrorValidation -->
        <test-method is-config="true" signature="closing()[pri:0, instance:DhruvAcedemy.SeleniumFrameworkDesign.ErrorValidationTest@878452d]" started-at="2023-07-28T10:44:08Z" name="closing" finished-at="2023-07-28T10:44:09Z" duration-ms="1191" status="PASS">
          <reporter-output>
          </reporter-output>
        </test-method> <!-- closing -->
        <test-method is-config="true" signature="launchApplication()[pri:0, instance:DhruvAcedemy.SeleniumFrameworkDesign.ErrorValidationTest@878452d]" started-at="2023-07-28T10:44:09Z" name="launchApplication" finished-at="2023-07-28T10:44:12Z" duration-ms="3378" status="PASS">
          <reporter-output>
          </reporter-output>
        </test-method> <!-- launchApplication -->
        <test-method signature="productErrorValidation()[pri:0, instance:DhruvAcedemy.SeleniumFrameworkDesign.ErrorValidationTest@878452d]" started-at="2023-07-28T10:44:12Z" name="productErrorValidation" finished-at="2023-07-28T10:44:26Z" duration-ms="13692" status="FAIL">
          <exception class="java.lang.AssertionError">
            <message>
              <![CDATA[expected [true] but found [false]]]>
            </message>
            <full-stacktrace>
              <![CDATA[java.lang.AssertionError: expected [true] but found [false]
	at org.testng.Assert.fail(Assert.java:94)
	at org.testng.Assert.failNotEquals(Assert.java:513)
	at org.testng.Assert.assertTrue(Assert.java:42)
	at org.testng.Assert.assertTrue(Assert.java:52)
	at DhruvAcedemy.SeleniumFrameworkDesign.ErrorValidationTest.productErrorValidation(ErrorValidationTest.java:40)
	at java.base/jdk.internal.reflect.NativeMethodAccessorImpl.invoke0(Native Method)
	at java.base/jdk.internal.reflect.NativeMethodAccessorImpl.invoke(NativeMethodAccessorImpl.java:77)
	at java.base/jdk.internal.reflect.DelegatingMethodAccessorImpl.invoke(DelegatingMethodAccessorImpl.java:43)
	at java.base/java.lang.reflect.Method.invoke(Method.java:568)
	at org.testng.internal.MethodInvocationHelper.invokeMethod(MethodInvocationHelper.java:86)
	at org.testng.internal.Invoker.invokeMethod(Invoker.java:643)
	at org.testng.internal.Invoker.invokeTestMethod(Invoker.java:820)
	at org.testng.internal.Invoker.invokeTestMethods(Invoker.java:1128)
	at org.testng.internal.TestMethodWorker.invokeTestMethods(TestMethodWorker.java:129)
	at org.testng.internal.TestMethodWorker.run(TestMethodWorker.java:112)
	at org.testng.TestRunner.privateRun(TestRunner.java:782)
	at org.testng.TestRunner.run(TestRunner.java:632)
	at org.testng.SuiteRunner.runTest(SuiteRunner.java:366)
	at org.testng.SuiteRunner.access$000(SuiteRunner.java:39)
	at org.testng.SuiteRunner$SuiteWorker.run(SuiteRunner.java:400)
	at org.testng.internal.thread.ThreadUtil$2.call(ThreadUtil.java:64)
	at java.base/java.util.concurrent.FutureTask.run(FutureTask.java:264)
	at java.base/java.util.concurrent.ThreadPoolExecutor.runWorker(ThreadPoolExecutor.java:1136)
	at java.base/java.util.concurrent.ThreadPoolExecutor$Worker.run(ThreadPoolExecutor.java:635)
	at java.base/java.lang.Thread.run(Thread.java:833)
]]>
            </full-stacktrace>
          </exception> <!-- java.lang.AssertionError -->
          <reporter-output>
          </reporter-output>
        </test-method> <!-- productErrorValidation -->
        <test-method is-config="true" signature="closing()[pri:0, instance:DhruvAcedemy.SeleniumFrameworkDesign.ErrorValidationTest@878452d]" started-at="2023-07-28T10:44:26Z" name="closing" finished-at="2023-07-28T10:44:27Z" duration-ms="1216" status="PASS">
          <reporter-output>
          </reporter-output>
        </test-method> <!-- closing -->
      </class> <!-- DhruvAcedemy.SeleniumFrameworkDesign.ErrorValidationTest -->
    </test> <!-- Error Validation Test -->
    <test started-at="2023-07-28T05:13:14Z" name="Submit Order Test" finished-at="2023-07-28T05:14:38Z" duration-ms="84136">
      <class name="DhruvAcedemy.SeleniumFrameworkDesign.MainTest">
        <test-method is-config="true" signature="launchApplication()[pri:0, instance:DhruvAcedemy.SeleniumFrameworkDesign.MainTest@73ff4fae]" started-at="2023-07-28T10:43:14Z" name="launchApplication" finished-at="2023-07-28T10:44:06Z" duration-ms="52463" status="PASS">
          <reporter-output>
          </reporter-output>
        </test-method> <!-- launchApplication -->
        <test-method signature="submitOrder(java.util.HashMap)[pri:0, instance:DhruvAcedemy.SeleniumFrameworkDesign.MainTest@73ff4fae]" started-at="2023-07-28T10:44:06Z" name="submitOrder" data-provider="getData" finished-at="2023-07-28T10:44:17Z" duration-ms="10500" status="PASS">
          <params>
            <param index="0">
              <value>
                <![CDATA[{password=Dhruvad@17, prodName=ZARA COAT 3, email=dhkr@gmail.com}]]>
              </value>
            </param>
          </params>
          <reporter-output>
          </reporter-output>
        </test-method> <!-- submitOrder -->
        <test-method is-config="true" signature="closing()[pri:0, instance:DhruvAcedemy.SeleniumFrameworkDesign.MainTest@73ff4fae]" started-at="2023-07-28T10:44:17Z" name="closing" finished-at="2023-07-28T10:44:18Z" duration-ms="1216" status="PASS">
          <reporter-output>
          </reporter-output>
        </test-method> <!-- closing -->
        <test-method is-config="true" signature="launchApplication()[pri:0, instance:DhruvAcedemy.SeleniumFrameworkDesign.MainTest@73ff4fae]" started-at="2023-07-28T10:44:18Z" name="launchApplication" finished-at="2023-07-28T10:44:22Z" duration-ms="4152" status="PASS">
          <reporter-output>
          </reporter-output>
        </test-method> <!-- launchApplication -->
        <test-method signature="submitOrder(java.util.HashMap)[pri:0, instance:DhruvAcedemy.SeleniumFrameworkDesign.MainTest@73ff4fae]" started-at="2023-07-28T10:44:22Z" name="submitOrder" data-provider="getData" finished-at="2023-07-28T10:44:32Z" duration-ms="9722" status="PASS">
          <params>
            <param index="0">
              <value>
                <![CDATA[{password=Samarthd@17, prodName=ADIDAS ORIGINAL, email=krd@gmail.com}]]>
              </value>
            </param>
          </params>
          <reporter-output>
          </reporter-output>
        </test-method> <!-- submitOrder -->
        <test-method is-config="true" signature="closing()[pri:0, instance:DhruvAcedemy.SeleniumFrameworkDesign.MainTest@73ff4fae]" started-at="2023-07-28T10:44:32Z" name="closing" finished-at="2023-07-28T10:44:33Z" duration-ms="1199" status="PASS">
          <reporter-output>
          </reporter-output>
        </test-method> <!-- closing -->
        <test-method is-config="true" signature="launchApplication()[pri:0, instance:DhruvAcedemy.SeleniumFrameworkDesign.MainTest@73ff4fae]" started-at="2023-07-28T10:44:33Z" name="launchApplication" finished-at="2023-07-28T10:44:36Z" duration-ms="3127" status="PASS">
          <reporter-output>
          </reporter-output>
        </test-method> <!-- launchApplication -->
        <test-method signature="ordersItemsValidation()[pri:0, instance:DhruvAcedemy.SeleniumFrameworkDesign.MainTest@73ff4fae]" started-at="2023-07-28T10:44:36Z" name="ordersItemsValidation" finished-at="2023-07-28T10:44:37Z" depends-on-methods="DhruvAcedemy.SeleniumFrameworkDesign.MainTest.submitOrder" duration-ms="590" status="PASS">
          <reporter-output>
          </reporter-output>
        </test-method> <!-- ordersItemsValidation -->
        <test-method is-config="true" signature="closing()[pri:0, instance:DhruvAcedemy.SeleniumFrameworkDesign.MainTest@73ff4fae]" started-at="2023-07-28T10:44:37Z" name="closing" finished-at="2023-07-28T10:44:38Z" duration-ms="1126" status="PASS">
          <reporter-output>
          </reporter-output>
        </test-method> <!-- closing -->
      </class> <!-- DhruvAcedemy.SeleniumFrameworkDesign.MainTest -->
    </test> <!-- Submit Order Test -->
  </suite> <!-- Suite -->
</testng-results>
